<?xml version="1.0" encoding="UTF-8"?>
<testsuite xmlns:xsi="http://www.w3.org/2001/XMLSchema-instance" xsi:noNamespaceSchemaLocation="https://maven.apache.org/surefire/maven-surefire-plugin/xsd/surefire-test-report-3.0.xsd" version="3.0" name="runner.AmazonRunner" time="11.723" tests="2" errors="1" skipped="0" failures="1">
  <properties>
[...]
</properties>
  <testcase name="Finding and Validation Empty Gold" classname="Validation Empty Gold" time="10.794">
    <failure message="expected:&lt;Yay! You find it[!]&gt; but was:&lt;Yay! You find it[]&gt;" type="org.junit.ComparisonFailure"><![CDATA[org.junit.ComparisonFailure: expected:<Yay! You find it[!]> but was:<Yay! You find it[]>
]]></failure>
    <system-out><![CDATA[
Scenario: Finding and Validation Empty Gold                                    &amp#27;[90m# src/test/resources/AmazonValidationEmptyGold.feature:3&amp#27;[0m
  &amp#27;[32mGiven &amp#27;[0m&amp#27;[32muser navigates to &amp#27;[0m&amp#27;[32m&amp#27;[1m"http://ec2-54-208-152-154.compute-1.amazonaws.com/"&amp#27;[0m &amp#27;[90m# stepDefinitions.AmazonStepDef.user_navigates_to(java.lang.String)&amp#27;[0m
  &amp#27;[32mWhen &amp#27;[0m&amp#27;[32muser inserts gold to the left and right bowls and finds empty gold&amp#27;[0m      &amp#27;[90m# stepDefinitions.AmazonStepDef.user_inserts_gold_to_the_left_and_right_bowls_and_finds_empty_gold()&amp#27;[0m
  &amp#27;[31mThen &amp#27;[0m&amp#27;[31muser press on empty gold and validates alert message &amp#27;[0m&amp#27;[31m&amp#27;[1m"Yay! You find it"&amp#27;[0m &amp#27;[90m# stepDefinitions.AmazonStepDef.user_press_on_empty_gold_and_validates_alert_message(java.lang.String)&amp#27;[0m
      &amp#27;[31morg.junit.ComparisonFailure: expected:<Yay! You find it[!]> but was:<Yay! You find it[]>
	at org.junit.Assert.assertEquals(Assert.java:117)
	at org.junit.Assert.assertEquals(Assert.java:146)
	at stepDefinitions.methods.AmazonGoldMethods.userPressOnEmptyGoldAndValidatesAlertMessage(AmazonGoldMethods.java:96)
	at stepDefinitions.AmazonStepDef.user_press_on_empty_gold_and_validates_alert_message(AmazonStepDef.java:31)
	at âœ½.user press on empty gold and validates alert message "Yay! You find it"(file:///C:/Users/votta/FetchRewardHomeTask/src/test/resources/AmazonValidationEmptyGold.feature:6)
&amp#27;[0m
      &amp#27;[31morg.openqa.selenium.UnhandledAlertException: unexpected alert open: {Alert text : Yay! You find it!}
  (Session info: chrome=91.0.4472.114): Yay! You find it!
Build info: version: '3.141.59', revision: 'e82be7d358', time: '2018-11-14T08:17:03'
System info: host: 'DESKTOP-0294NP3', ip: '192.168.1.73', os.name: 'Windows 10', os.arch: 'amd64', os.version: '10.0', java.version: '13.0.2'
Driver info: org.openqa.selenium.chrome.ChromeDriver
Capabilities {acceptInsecureCerts: false, browserName: chrome, browserVersion: 91.0.4472.114, chrome: {chromedriverVersion: 91.0.4472.19 (1bf021f248676..., userDataDir: C:\Users\votta\AppData\Loca...}, goog:chromeOptions: {debuggerAddress: localhost:60148}, javascriptEnabled: true, networkConnectionEnabled: false, pageLoadStrategy: normal, platform: WINDOWS, platformName: WINDOWS, proxy: Proxy(), setWindowRect: true, strictFileInteractability: false, timeouts: {implicit: 0, pageLoad: 300000, script: 30000}, unhandledPromptBehavior: dismiss and notify, webauthn:extension:largeBlob: true, webauthn:virtualAuthenticators: true}
Session ID: 4192359721c90483be3e67868fd72601
	at org.openqa.selenium.remote.http.W3CHttpResponseCodec.decode(W3CHttpResponseCodec.java:120)
	at org.openqa.selenium.remote.http.W3CHttpResponseCodec.decode(W3CHttpResponseCodec.java:49)
	at org.openqa.selenium.remote.HttpCommandExecutor.execute(HttpCommandExecutor.java:158)
	at org.openqa.selenium.remote.service.DriverCommandExecutor.execute(DriverCommandExecutor.java:83)
	at org.openqa.selenium.remote.RemoteWebDriver.execute(RemoteWebDriver.java:552)
	at org.openqa.selenium.remote.RemoteWebDriver.execute(RemoteWebDriver.java:609)
	at org.openqa.selenium.remote.RemoteWebDriver.getScreenshotAs(RemoteWebDriver.java:295)
	at stepDefinitions.Hook.tearDown(Hook.java:29)
&amp#27;[0m
]]></system-out>
    <system-err><![CDATA[SLF4J: Failed to load class "org.slf4j.impl.StaticLoggerBinder".
SLF4J: Defaulting to no-operation (NOP) logger implementation
SLF4J: See http://www.slf4j.org/codes.html#StaticLoggerBinder for further details.
Starting ChromeDriver 91.0.4472.19 (1bf021f248676a0b2ab3ee0561d83a59e424c23e-refs/branch-heads/4472@{#288}) on port 21232
Only local connections are allowed.
Please see https://chromedriver.chromium.org/security-considerations for suggestions on keeping ChromeDriver safe.
ChromeDriver was started successfully.
Jun 29, 2021 10:26:09 AM org.openqa.selenium.remote.ProtocolHandshake createSession
INFO: Detected dialect: W3C
]]></system-err>
  </testcase>
  <testcase name="Finding and Validation Empty Gold" classname="Validation Empty Gold" time="10.796">
    <error message="unexpected alert open: {Alert text : Yay! You find it!}&#10;  (Session info: chrome=91.0.4472.114): Yay! You find it!&#10;Build info: version: &apos;3.141.59&apos;, revision: &apos;e82be7d358&apos;, time: &apos;2018-11-14T08:17:03&apos;&#10;System info: host: &apos;DESKTOP-0294NP3&apos;, ip: &apos;192.168.1.73&apos;, os.name: &apos;Windows 10&apos;, os.arch: &apos;amd64&apos;, os.version: &apos;10.0&apos;, java.version: &apos;13.0.2&apos;&#10;Driver info: org.openqa.selenium.chrome.ChromeDriver&#10;Capabilities {acceptInsecureCerts: false, browserName: chrome, browserVersion: 91.0.4472.114, chrome: {chromedriverVersion: 91.0.4472.19 (1bf021f248676..., userDataDir: C:\Users\votta\AppData\Loca...}, goog:chromeOptions: {debuggerAddress: localhost:60148}, javascriptEnabled: true, networkConnectionEnabled: false, pageLoadStrategy: normal, platform: WINDOWS, platformName: WINDOWS, proxy: Proxy(), setWindowRect: true, strictFileInteractability: false, timeouts: {implicit: 0, pageLoad: 300000, script: 30000}, unhandledPromptBehavior: dismiss and notify, webauthn:extension:largeBlob: true, webauthn:virtualAuthenticators: true}&#10;Session ID: 4192359721c90483be3e67868fd72601" type="org.openqa.selenium.UnhandledAlertException"><![CDATA[org.openqa.selenium.UnhandledAlertException: 
unexpected alert open: {Alert text : Yay! You find it!}
  (Session info: chrome=91.0.4472.114): Yay! You find it!
Build info: version: '3.141.59', revision: 'e82be7d358', time: '2018-11-14T08:17:03'
System info: host: 'DESKTOP-0294NP3', ip: '192.168.1.73', os.name: 'Windows 10', os.arch: 'amd64', os.version: '10.0', java.version: '13.0.2'
Driver info: org.openqa.selenium.chrome.ChromeDriver
Capabilities {acceptInsecureCerts: false, browserName: chrome, browserVersion: 91.0.4472.114, chrome: {chromedriverVersion: 91.0.4472.19 (1bf021f248676..., userDataDir: C:\Users\votta\AppData\Loca...}, goog:chromeOptions: {debuggerAddress: localhost:60148}, javascriptEnabled: true, networkConnectionEnabled: false, pageLoadStrategy: normal, platform: WINDOWS, platformName: WINDOWS, proxy: Proxy(), setWindowRect: true, strictFileInteractability: false, timeouts: {implicit: 0, pageLoad: 300000, script: 30000}, unhandledPromptBehavior: dismiss and notify, webauthn:extension:largeBlob: true, webauthn:virtualAuthenticators: true}
Session ID: 4192359721c90483be3e67868fd72601
]]></error>
  </testcase>
</testsuite>